<?xml version="1.0" encoding="UTF-8"?>
<!-- Generated by org.testng.reporters.JUnitReportReporter -->
<testsuite hostname="DESKTOP-4AIAHFF" failures="0" tests="1" name="test.Homepagetest" time="52.993" errors="0" timestamp="2023-11-04T15:37:00 IST" skipped="0">
  <testcase classname="test.Homepagetest" name="test1" time="52.993"/>
</testsuite> <!-- test.Homepagetest -->
