<?xml version="1.0" encoding="UTF-8"?>
<!-- Generated by org.testng.reporters.JUnitReportReporter -->
<testsuite hostname="DESKTOP-4AIAHFF" failures="0" tests="1" name="test.Logintest" time="78.843" errors="0" timestamp="2023-11-01T16:29:52 IST" skipped="0">
  <testcase classname="test.Logintest" name="test" time="78.843"/>
</testsuite> <!-- test.Logintest -->
