<?xml version="1.0" encoding="UTF-8"?>
<!-- Generated by org.testng.reporters.JUnitReportReporter -->
<testsuite hostname="DESKTOP-4AIAHFF" failures="0" tests="1" name="test.Signtest" time="107.908" errors="0" timestamp="2023-11-03T13:34:26 IST" skipped="0">
  <testcase classname="test.Signtest" name="test" time="107.908"/>
</testsuite> <!-- test.Signtest -->
