<?xml version="1.0" encoding="UTF-8"?>
<!-- Generated by org.testng.reporters.JUnitReportReporter -->
<testsuite hostname="DESKTOP-4AIAHFF" failures="0" tests="1" name="test.Carttest" time="51.294" errors="0" timestamp="2023-11-05T10:01:30 IST" skipped="0">
  <testcase classname="test.Carttest" name="select" time="51.294"/>
</testsuite> <!-- test.Carttest -->
